<?xml version="1.0" encoding="UTF-8"?>
<!-- Generated by org.testng.reporters.JUnitReportReporter -->
<testsuite skipped="0" hostname="DESKTOP-Q8T328U" name="SeleniumBasic.LaunchUrl" tests="3" failures="0" timestamp="26 Oct 2020 20:07:59 GMT" time="21.310" errors="0">
  <testcase name="chrome" time="6.877" classname="SeleniumBasic.LaunchUrl"/>
  <testcase name="firfox" time="8.271" classname="SeleniumBasic.LaunchUrl"/>
  <testcase name="egde" time="6.162" classname="SeleniumBasic.LaunchUrl"/>
</testsuite> <!-- SeleniumBasic.LaunchUrl -->
