<?xml version="1.0" encoding="UTF-8"?>
<!-- Generated by org.testng.reporters.JUnitReportReporter -->
<testsuite skipped="0" hostname="DESKTOP-Q8T328U" name="SeleniumIntermediate.ScrollBar" tests="1" failures="0" timestamp="15 Nov 2020 20:42:58 GMT" time="17.589" errors="0">
  <testcase name="scrollup" time="17.589" classname="SeleniumIntermediate.ScrollBar"/>
</testsuite> <!-- SeleniumIntermediate.ScrollBar -->
